<?xml version="1.0" encoding="UTF-8"?>
<!-- Generated by org.testng.reporters.JUnitReportReporter -->
<testsuite hostname="Admin" name="com.test.DemoTest" tests="1" failures="0" timestamp="6 Jan 2021 05:55:00 GMT" time="13.398" errors="0">
  <testcase name="test01" time="13.398" classname="com.test.DemoTest"/>
</testsuite> <!-- com.test.DemoTest -->
