<?xml version="1.0" encoding="UTF-8"?>
<!-- Generated by org.testng.reporters.JUnitReportReporter -->
<testsuite skipped="0" hostname="Admin" name="com.test.DemoTest" tests="1" failures="0" timestamp="08 Jan 2021 11:35:52 GMT" time="21.832" errors="0">
  <testcase name="test01" time="21.832" classname="com.test.DemoTest"/>
</testsuite> <!-- com.test.DemoTest -->
