<?xml version="1.0" encoding="UTF-8"?>
<!-- Generated by org.testng.reporters.JUnitReportReporter -->
<testsuite skipped="0" hostname="Admin" name="com.test.DemoTest1" tests="1" failures="0" timestamp="08 Jan 2021 13:10:59 GMT" time="10.179" errors="0">
  <testcase name="test01" time="10.179" classname="com.test.DemoTest1"/>
</testsuite> <!-- com.test.DemoTest1 -->
