<?xml version="1.0" encoding="UTF-8"?>
<!-- Generated by org.testng.reporters.JUnitReportReporter -->
<testsuite skipped="0" hostname="Admin" name="com.test.DemoTest" tests="1" failures="0" timestamp="08 Jan 2021 10:16:11 GMT" time="31.017" errors="0">
  <testcase name="test01" time="31.017" classname="com.test.DemoTest"/>
</testsuite> <!-- com.test.DemoTest -->
